Build started 4/22/2016 1:20:41 AM.
     1>Project "C:\Users\Chuk Yih Jou\Desktop\SP1_framework\XOFEngine\XOFEngine\XOFEngine.vcxproj" on node 2 (Build target(s)).
     1>ClCompile:
         C:\Program Files (x86)\Microsoft Visual Studio 12.0\VC\bin\x86_amd64\CL.exe /c /I"C:\Users\Chuk Yih Jou\Desktop\SP1_framework\XOFEngine\\glew\include" /I"C:\Users\Chuk Yih Jou\Desktop\SP1_framework\XOFEngine\\glfw-3.1.2.bin.WIN64\include" /I"C:\Users\Chuk Yih Jou\Desktop\SP1_framework\XOFEngine\\common" /I"C:\Users\Chuk Yih Jou\Desktop\SP1_framework\XOFEngine\\assimp-3.1.1-win-binaries\include\assimp" /Zi /nologo /W3 /WX- /Od /D WIN32 /D _DEBUG /D _CONSOLE /D _LIB /D _UNICODE /D UNICODE /Gm /EHsc /RTC1 /MDd /GS /fp:precise /Zc:wchar_t /Zc:forScope /Fo"x64\Debug\\" /Fd"x64\Debug\vc120.pdb" /Gd /TP /errorReport:prompt AABB.cpp AxisLineMesh.cpp BasicMesh.cpp BulletC.cpp CameraC.cpp Canvas.cpp Character.cpp Collectable.cpp ColliderC.cpp commonShader.cpp Component.cpp ComponentsPool.cpp DebugMesh.cpp debugShader.cpp depthMapFBO.cpp depthShader.cpp DinoAIC.cpp DirLightC.cpp EllipsoidColliderC.cpp EntitiesPool.cpp Entity.cpp finalFBO.cpp FinalPassShader.cpp FontShader.cpp FontsLibrary.cpp FontType.cpp FXAAShader.cpp GameApplication.cpp GausianBlurShader.cpp gbuffer.cpp GeometryPassShader.cpp GLFW_Window.cpp gl_backend.cpp GraphicEngine.cpp GraphicScale.cpp GrassMesh.cpp GrassShader.cpp GUIrenderEngine.cpp GUIText.cpp LensFlareShader.cpp LightC.cpp LightShader.cpp Line.cpp LineMesh.cpp LineRendererC.cpp lua_backend.cpp main.cpp MatricesUBO.cpp Mesh.cpp MeshColliderC.cpp MeshRendererC.cpp MetaFile.cpp ModelLibrary.cpp MotionBlurShader.cpp NullShader.cpp pbuffer.cpp pingpongFBO.cpp PlayerManager.cpp PointLightC.cpp PostProcessPassShader.cpp RendererC.cpp Scene3D.cpp scenebase.cpp SceneManager.cpp ScriptC.cpp ShaderHeaven.cpp ShaderProgram.cpp SimpleShader.cpp skyboxbuffer.cpp SkyboxShader.cpp SphereColliderC.cpp SSAOBlurShader.cpp ssaobuffer.cpp SSAOShader.cpp TextMesh.cpp TextMeshCreator.cpp Texture.cpp TextureData.cpp TextureLibrary.cpp TransformationC.cpp TriggerC.cpp UBO.cpp Word.cpp World.cpp
         World.cpp
         Word.cpp
         UBO.cpp
         TriggerC.cpp
         TransformationC.cpp
         TextureLibrary.cpp
         TextureData.cpp
         Texture.cpp
         TextMeshCreator.cpp
     1>TextMeshCreator.cpp(117): warning C4267: 'argument' : conversion from 'size_t' to 'const int', possible loss of data
         TextMesh.cpp
     1>TextMesh.cpp(23): warning C4267: 'return' : conversion from 'size_t' to 'unsigned int', possible loss of data
         SSAOShader.cpp
         ssaobuffer.cpp
         SSAOBlurShader.cpp
         SphereColliderC.cpp
         SkyboxShader.cpp
         skyboxbuffer.cpp
         SimpleShader.cpp
         ShaderProgram.cpp
         ShaderHeaven.cpp
         ScriptC.cpp
         Generating Code...
         Compiling...
         SceneManager.cpp
         scenebase.cpp
         Scene3D.cpp
         RendererC.cpp
         PostProcessPassShader.cpp
         PointLightC.cpp
         PlayerManager.cpp
         pingpongFBO.cpp
         pbuffer.cpp
         NullShader.cpp
         MotionBlurShader.cpp
         ModelLibrary.cpp
         MetaFile.cpp
         MeshRendererC.cpp
         MeshColliderC.cpp
         Mesh.cpp
         MatricesUBO.cpp
         main.cpp
         lua_backend.cpp
         LineRendererC.cpp
         Generating Code...
         Compiling...
         LineMesh.cpp
         Line.cpp
         LightShader.cpp
         LightC.cpp
         LensFlareShader.cpp
         GUIText.cpp
         GUIrenderEngine.cpp
         GrassShader.cpp
         GrassMesh.cpp
     1>GrassMesh.cpp(53): warning C4267: '=' : conversion from 'size_t' to 'GLuint', possible loss of data
         GraphicScale.cpp
         GraphicEngine.cpp
         gl_backend.cpp
         GLFW_Window.cpp
         GeometryPassShader.cpp
         gbuffer.cpp
         GausianBlurShader.cpp
         GameApplication.cpp
         FXAAShader.cpp
         FontType.cpp
         FontsLibrary.cpp
         Generating Code...
         Compiling...
         FontShader.cpp
         FinalPassShader.cpp
         finalFBO.cpp
         Entity.cpp
     1>Entity.cpp(176): warning C4267: 'return' : conversion from 'size_t' to 'int', possible loss of data
         EntitiesPool.cpp
         EllipsoidColliderC.cpp
         DirLightC.cpp
         DinoAIC.cpp
         depthShader.cpp
         depthMapFBO.cpp
         debugShader.cpp
         DebugMesh.cpp
     1>DebugMesh.cpp(82): warning C4267: 'argument' : conversion from 'size_t' to 'GLsizei', possible loss of data
     1>DebugMesh.cpp(97): warning C4267: 'argument' : conversion from 'size_t' to 'GLsizei', possible loss of data
     1>DebugMesh.cpp(201): warning C4267: '=' : conversion from 'size_t' to 'GLuint', possible loss of data
         ComponentsPool.cpp
     1>ComponentsPool.cpp(1209): warning C4800: 'uint32' : forcing value to bool 'true' or 'false' (performance warning)
         Component.cpp
         commonShader.cpp
         ColliderC.cpp
         Collectable.cpp
         Character.cpp
         Canvas.cpp
         CameraC.cpp
         Generating Code...
         Compiling...
         BulletC.cpp
         BasicMesh.cpp
     1>BasicMesh.cpp(179): warning C4267: '=' : conversion from 'size_t' to 'GLuint', possible loss of data
         AxisLineMesh.cpp
     1>AxisLineMesh.cpp(58): warning C4267: '=' : conversion from 'size_t' to 'GLuint', possible loss of data
         AABB.cpp
         Generating Code...
         C:\Program Files (x86)\Microsoft Visual Studio 12.0\VC\bin\x86_amd64\CL.exe /c /I"C:\Users\Chuk Yih Jou\Desktop\SP1_framework\XOFEngine\\glew\include" /I"C:\Users\Chuk Yih Jou\Desktop\SP1_framework\XOFEngine\\glfw-3.1.2.bin.WIN64\include" /I"C:\Users\Chuk Yih Jou\Desktop\SP1_framework\XOFEngine\\common" /I"C:\Users\Chuk Yih Jou\Desktop\SP1_framework\XOFEngine\\assimp-3.1.1-win-binaries\include\assimp" /Zi /nologo /W3 /WX- /Od /D WIN32 /D _DEBUG /D _CONSOLE /D _LIB /D _UNICODE /D UNICODE /Gm /EHsc /RTC1 /MDd /GS /fp:precise /Zc:wchar_t /Zc:forScope /Fo"x64\Debug\\" /Fd"x64\Debug\vc120.pdb" /Gd /TC /errorReport:prompt lua\lapi.c lua\lauxlib.c lua\lbaselib.c lua\lbitlib.c lua\lcode.c lua\lcorolib.c lua\lctype.c lua\ldblib.c lua\ldebug.c lua\ldo.c lua\ldump.c lua\lfunc.c lua\lgc.c lua\linit.c lua\liolib.c lua\llex.c lua\lmathlib.c lua\lmem.c lua\loadlib.c lua\lobject.c lua\lopcodes.c lua\loslib.c lua\lparser.c lua\lstate.c lua\lstring.c lua\lstrlib.c lua\ltable.c lua\ltablib.c lua\ltm.c lua\lundump.c lua\lutf8lib.c lua\lvm.c lua\lzio.c
         lzio.c
         lvm.c
         lutf8lib.c
         lundump.c
         ltm.c
         ltablib.c
         ltable.c
         lstrlib.c
         lstring.c
         lstate.c
         lparser.c
         loslib.c
         lopcodes.c
         lobject.c
         loadlib.c
         lmem.c
         lmathlib.c
         llex.c
         liolib.c
         linit.c
         Generating Code...
         Compiling...
         lgc.c
         lfunc.c
         ldump.c
         ldo.c
         ldebug.c
         ldblib.c
         lctype.c
         lcorolib.c
         lcode.c
         lbitlib.c
         lbaselib.c
         lauxlib.c
         lapi.c
         Generating Code...
       Link:
         C:\Program Files (x86)\Microsoft Visual Studio 12.0\VC\bin\x86_amd64\link.exe /ERRORREPORT:PROMPT /OUT:"C:\Users\Chuk Yih Jou\Desktop\SP1_framework\XOFEngine\x64\Debug\XOFEngine.exe" /INCREMENTAL /NOLOGO /LIBPATH:"C:\Users\Chuk Yih Jou\Desktop\SP1_framework\XOFEngine\\glew\lib\Release\x64" /LIBPATH:"C:\Users\Chuk Yih Jou\Desktop\SP1_framework\XOFEngine\\glfw-3.1.2.bin.WIN64\lib-vc2013" /LIBPATH:"C:\Users\Chuk Yih Jou\Desktop\SP1_framework\XOFEngine\\assimp-3.1.1-win-binaries\lib64" /LIBPATH:"C:\Users\Chuk Yih Jou\Desktop\SP1_framework\XOFEngine\Debug" glew32.lib glfw3.lib opengl32.lib winmm.lib common.lib assimp.lib kernel32.lib user32.lib gdi32.lib winspool.lib comdlg32.lib advapi32.lib shell32.lib ole32.lib oleaut32.lib uuid.lib odbc32.lib odbccp32.lib /MANIFEST /MANIFESTUAC:"level='asInvoker' uiAccess='false'" /manifest:embed /DEBUG /PDB:"C:\Users\Chuk Yih Jou\Desktop\SP1_framework\XOFEngine\x64\Debug\XOFEngine.pdb" /SUBSYSTEM:CONSOLE /TLBID:1 /DYNAMICBASE /NXCOMPAT /IMPLIB:"C:\Users\Chuk Yih Jou\Desktop\SP1_framework\XOFEngine\x64\Debug\XOFEngine.lib" /MACHINE:X64 x64\Debug\AABB.obj
         x64\Debug\AxisLineMesh.obj
         x64\Debug\BasicMesh.obj
         x64\Debug\BulletC.obj
         x64\Debug\CameraC.obj
         x64\Debug\Canvas.obj
         x64\Debug\Character.obj
         x64\Debug\Collectable.obj
         x64\Debug\ColliderC.obj
         x64\Debug\commonShader.obj
         x64\Debug\Component.obj
         x64\Debug\ComponentsPool.obj
         x64\Debug\DebugMesh.obj
         x64\Debug\debugShader.obj
         x64\Debug\depthMapFBO.obj
         x64\Debug\depthShader.obj
         x64\Debug\DinoAIC.obj
         x64\Debug\DirLightC.obj
         x64\Debug\EllipsoidColliderC.obj
         x64\Debug\EntitiesPool.obj
         x64\Debug\Entity.obj
         x64\Debug\finalFBO.obj
         x64\Debug\FinalPassShader.obj
         x64\Debug\FontShader.obj
         x64\Debug\FontsLibrary.obj
         x64\Debug\FontType.obj
         x64\Debug\FXAAShader.obj
         x64\Debug\GameApplication.obj
         x64\Debug\GausianBlurShader.obj
         x64\Debug\gbuffer.obj
         x64\Debug\GeometryPassShader.obj
         x64\Debug\GLFW_Window.obj
         x64\Debug\gl_backend.obj
         x64\Debug\GraphicEngine.obj
         x64\Debug\GraphicScale.obj
         x64\Debug\GrassMesh.obj
         x64\Debug\GrassShader.obj
         x64\Debug\GUIrenderEngine.obj
         x64\Debug\GUIText.obj
         x64\Debug\LensFlareShader.obj
         x64\Debug\LightC.obj
         x64\Debug\LightShader.obj
         x64\Debug\Line.obj
         x64\Debug\LineMesh.obj
         x64\Debug\LineRendererC.obj
         x64\Debug\lapi.obj
         x64\Debug\lauxlib.obj
         x64\Debug\lbaselib.obj
         x64\Debug\lbitlib.obj
         x64\Debug\lcode.obj
         x64\Debug\lcorolib.obj
         x64\Debug\lctype.obj
         x64\Debug\ldblib.obj
         x64\Debug\ldebug.obj
         x64\Debug\ldo.obj
         x64\Debug\ldump.obj
         x64\Debug\lfunc.obj
         x64\Debug\lgc.obj
         x64\Debug\linit.obj
         x64\Debug\liolib.obj
         x64\Debug\llex.obj
         x64\Debug\lmathlib.obj
         x64\Debug\lmem.obj
         x64\Debug\loadlib.obj
         x64\Debug\lobject.obj
         x64\Debug\lopcodes.obj
         x64\Debug\loslib.obj
         x64\Debug\lparser.obj
         x64\Debug\lstate.obj
         x64\Debug\lstring.obj
         x64\Debug\lstrlib.obj
         x64\Debug\ltable.obj
         x64\Debug\ltablib.obj
         x64\Debug\ltm.obj
         x64\Debug\lundump.obj
         x64\Debug\lutf8lib.obj
         x64\Debug\lvm.obj
         x64\Debug\lzio.obj
         x64\Debug\lua_backend.obj
         x64\Debug\main.obj
         x64\Debug\MatricesUBO.obj
         x64\Debug\Mesh.obj
         x64\Debug\MeshColliderC.obj
         x64\Debug\MeshRendererC.obj
         x64\Debug\MetaFile.obj
         x64\Debug\ModelLibrary.obj
         x64\Debug\MotionBlurShader.obj
         x64\Debug\NullShader.obj
         x64\Debug\pbuffer.obj
         x64\Debug\pingpongFBO.obj
         x64\Debug\PlayerManager.obj
         x64\Debug\PointLightC.obj
         x64\Debug\PostProcessPassShader.obj
         x64\Debug\RendererC.obj
         x64\Debug\Scene3D.obj
         x64\Debug\scenebase.obj
         x64\Debug\SceneManager.obj
         x64\Debug\ScriptC.obj
         x64\Debug\ShaderHeaven.obj
         x64\Debug\ShaderProgram.obj
         x64\Debug\SimpleShader.obj
         x64\Debug\skyboxbuffer.obj
         x64\Debug\SkyboxShader.obj
         x64\Debug\SphereColliderC.obj
         x64\Debug\SSAOBlurShader.obj
         x64\Debug\ssaobuffer.obj
         x64\Debug\SSAOShader.obj
         x64\Debug\TextMesh.obj
         x64\Debug\TextMeshCreator.obj
         x64\Debug\Texture.obj
         x64\Debug\TextureData.obj
         x64\Debug\TextureLibrary.obj
         x64\Debug\TransformationC.obj
         x64\Debug\TriggerC.obj
         x64\Debug\UBO.obj
         x64\Debug\Word.obj
         x64\Debug\World.obj
     1>LINK : warning LNK4098: defaultlib 'MSVCRT' conflicts with use of other libs; use /NODEFAULTLIB:library
     1>CameraC.obj : error LNK2019: unresolved external symbol "public: __cdecl Math::CFrustum::CFrustum(void)" (??0CFrustum@Math@@QEAA@XZ) referenced in function "public: __cdecl pp::CameraC::CameraC(void)" (??0CameraC@pp@@QEAA@XZ)
     1>PlayerManager.obj : error LNK2001: unresolved external symbol "public: __cdecl Math::CFrustum::CFrustum(void)" (??0CFrustum@Math@@QEAA@XZ)
     1>CameraC.obj : error LNK2019: unresolved external symbol "public: void __cdecl Math::CFrustum::setVP(class Math::mat4<float> const &)" (?setVP@CFrustum@Math@@QEAAXAEBV?$mat4@M@2@@Z) referenced in function "public: virtual void __cdecl pp::CameraC::update(float const &)" (?update@CameraC@pp@@UEAAXAEBM@Z)
     1>PlayerManager.obj : error LNK2001: unresolved external symbol "public: void __cdecl Math::CFrustum::setVP(class Math::mat4<float> const &)" (?setVP@CFrustum@Math@@QEAAXAEBV?$mat4@M@2@@Z)
     1>CameraC.obj : error LNK2019: unresolved external symbol "public: __cdecl Math::CFrustum::~CFrustum(void)" (??1CFrustum@Math@@QEAA@XZ) referenced in function "public: void * __cdecl Math::CFrustum::`scalar deleting destructor'(unsigned int)" (??_GCFrustum@Math@@QEAAPEAXI@Z)
     1>PlayerManager.obj : error LNK2001: unresolved external symbol "public: __cdecl Math::CFrustum::~CFrustum(void)" (??1CFrustum@Math@@QEAA@XZ)
     1>CameraC.obj : error LNK2019: unresolved external symbol "public: float __cdecl pp::Mouse::getPitch(void)const " (?getPitch@Mouse@pp@@QEBAMXZ) referenced in function "protected: void __cdecl pp::CameraC::MouseControl(float const &)" (?MouseControl@CameraC@pp@@IEAAXAEBM@Z)
     1>CameraC.obj : error LNK2019: unresolved external symbol "public: float __cdecl pp::Mouse::getYaw(void)const " (?getYaw@Mouse@pp@@QEBAMXZ) referenced in function "protected: void __cdecl pp::CameraC::MouseControl(float const &)" (?MouseControl@CameraC@pp@@IEAAXAEBM@Z)
     1>ScriptC.obj : error LNK2001: unresolved external symbol "private: __cdecl pp::Mouse::Mouse(void)" (??0Mouse@pp@@AEAA@XZ)
     1>CameraC.obj : error LNK2001: unresolved external symbol "private: __cdecl pp::Mouse::Mouse(void)" (??0Mouse@pp@@AEAA@XZ)
     1>ComponentsPool.obj : error LNK2001: unresolved external symbol "private: __cdecl pp::Mouse::Mouse(void)" (??0Mouse@pp@@AEAA@XZ)
     1>GameApplication.obj : error LNK2001: unresolved external symbol "private: __cdecl pp::Mouse::Mouse(void)" (??0Mouse@pp@@AEAA@XZ)
     1>SceneManager.obj : error LNK2001: unresolved external symbol "private: __cdecl pp::Mouse::Mouse(void)" (??0Mouse@pp@@AEAA@XZ)
     1>CameraC.obj : error LNK2019: unresolved external symbol "public: __cdecl Math::Quaternion::Quaternion(float,class Math::vec3<float> const &)" (??0Quaternion@Math@@QEAA@MAEBV?$vec3@M@1@@Z) referenced in function "private: void __cdecl pp::CameraC::LookUpAndDown(float const &)" (?LookUpAndDown@CameraC@pp@@AEAAXAEBM@Z)
     1>DirLightC.obj : error LNK2001: unresolved external symbol "public: __cdecl Math::Quaternion::Quaternion(float,class Math::vec3<float> const &)" (??0Quaternion@Math@@QEAA@MAEBV?$vec3@M@1@@Z)
     1>TransformationC.obj : error LNK2001: unresolved external symbol "public: __cdecl Math::Quaternion::Quaternion(float,class Math::vec3<float> const &)" (??0Quaternion@Math@@QEAA@MAEBV?$vec3@M@1@@Z)
     1>CameraC.obj : error LNK2019: unresolved external symbol "public: __cdecl Math::Quaternion::~Quaternion(void)" (??1Quaternion@Math@@QEAA@XZ) referenced in function "private: void __cdecl pp::CameraC::LookUpAndDown(float const &)" (?LookUpAndDown@CameraC@pp@@AEAAXAEBM@Z)
     1>DirLightC.obj : error LNK2001: unresolved external symbol "public: __cdecl Math::Quaternion::~Quaternion(void)" (??1Quaternion@Math@@QEAA@XZ)
     1>TransformationC.obj : error LNK2001: unresolved external symbol "public: __cdecl Math::Quaternion::~Quaternion(void)" (??1Quaternion@Math@@QEAA@XZ)
     1>CameraC.obj : error LNK2019: unresolved external symbol "public: class Math::vec3<float> const __cdecl Math::Quaternion::operator*(class Math::vec3<float> const &)const " (??DQuaternion@Math@@QEBA?BV?$vec3@M@1@AEBV21@@Z) referenced in function "private: void __cdecl pp::CameraC::LookUpAndDown(float const &)" (?LookUpAndDown@CameraC@pp@@AEAAXAEBM@Z)
     1>DirLightC.obj : error LNK2001: unresolved external symbol "public: class Math::vec3<float> const __cdecl Math::Quaternion::operator*(class Math::vec3<float> const &)const " (??DQuaternion@Math@@QEBA?BV?$vec3@M@1@AEBV21@@Z)
     1>ScriptC.obj : error LNK2001: unresolved external symbol "private: static class pp::Mouse * pp::Mouse::s_instance" (?s_instance@Mouse@pp@@0PEAV12@EA)
     1>CameraC.obj : error LNK2001: unresolved external symbol "private: static class pp::Mouse * pp::Mouse::s_instance" (?s_instance@Mouse@pp@@0PEAV12@EA)
     1>ComponentsPool.obj : error LNK2001: unresolved external symbol "private: static class pp::Mouse * pp::Mouse::s_instance" (?s_instance@Mouse@pp@@0PEAV12@EA)
     1>GameApplication.obj : error LNK2001: unresolved external symbol "private: static class pp::Mouse * pp::Mouse::s_instance" (?s_instance@Mouse@pp@@0PEAV12@EA)
     1>SceneManager.obj : error LNK2001: unresolved external symbol "private: static class pp::Mouse * pp::Mouse::s_instance" (?s_instance@Mouse@pp@@0PEAV12@EA)
     1>ComponentsPool.obj : error LNK2019: unresolved external symbol "public: __cdecl PLANE::PLANE(class Math::vec3<float> const &,class Math::vec3<float> const &)" (??0PLANE@@QEAA@AEBV?$vec3@M@Math@@0@Z) referenced in function "private: class Math::vec3<float> __cdecl pp::ComponentsPool::collideWithWorld(class Math::vec3<float> const &,class Math::vec3<float> const &,class pp::EllipsoidColliderC *,bool const &,float const &)" (?collideWithWorld@ComponentsPool@pp@@AEAA?AV?$vec3@M@Math@@AEBV34@0PEAVEllipsoidColliderC@2@AEB_NAEBM@Z)
     1>ComponentsPool.obj : error LNK2019: unresolved external symbol "public: __cdecl PLANE::PLANE(class Math::vec3<float> const &,class Math::vec3<float> const &,class Math::vec3<float> const &)" (??0PLANE@@QEAA@AEBV?$vec3@M@Math@@00@Z) referenced in function "private: bool __cdecl pp::ComponentsPool::checkTriangle(class pp::EllipsoidColliderC *,class Math::vec3<float> const &,class Math::vec3<float> const &,class Math::vec3<float> const &)" (?checkTriangle@ComponentsPool@pp@@AEAA_NPEAVEllipsoidColliderC@2@AEBV?$vec3@M@Math@@11@Z)
     1>ComponentsPool.obj : error LNK2019: unresolved external symbol "public: bool __cdecl PLANE::isFrontFacingTo(class Math::vec3<float> const &)const " (?isFrontFacingTo@PLANE@@QEBA_NAEBV?$vec3@M@Math@@@Z) referenced in function "private: bool __cdecl pp::ComponentsPool::checkTriangle(class pp::EllipsoidColliderC *,class Math::vec3<float> const &,class Math::vec3<float> const &,class Math::vec3<float> const &)" (?checkTriangle@ComponentsPool@pp@@AEAA_NPEAVEllipsoidColliderC@2@AEBV?$vec3@M@Math@@11@Z)
     1>ComponentsPool.obj : error LNK2019: unresolved external symbol "public: double __cdecl PLANE::signedDistanceTo(class Math::vec3<float> const &)const " (?signedDistanceTo@PLANE@@QEBANAEBV?$vec3@M@Math@@@Z) referenced in function "private: class Math::vec3<float> __cdecl pp::ComponentsPool::collideWithWorld(class Math::vec3<float> const &,class Math::vec3<float> const &,class pp::EllipsoidColliderC *,bool const &,float const &)" (?collideWithWorld@ComponentsPool@pp@@AEAA?AV?$vec3@M@Math@@AEBV34@0PEAVEllipsoidColliderC@2@AEB_NAEBM@Z)
     1>GameApplication.obj : error LNK2019: unresolved external symbol "public: void __cdecl pp::Keyboard::resetAllKeys(void)" (?resetAllKeys@Keyboard@pp@@QEAAXXZ) referenced in function "public: void __cdecl pp::GameApplication::setUp(void)" (?setUp@GameApplication@pp@@QEAAXXZ)
     1>SceneManager.obj : error LNK2001: unresolved external symbol "public: void __cdecl pp::Keyboard::resetAllKeys(void)" (?resetAllKeys@Keyboard@pp@@QEAAXXZ)
     1>GameApplication.obj : error LNK2019: unresolved external symbol "private: __cdecl pp::Keyboard::Keyboard(void)" (??0Keyboard@pp@@AEAA@XZ) referenced in function "public: static class pp::Keyboard * __cdecl pp::Keyboard::getInstance(void)" (?getInstance@Keyboard@pp@@SAPEAV12@XZ)
     1>SceneManager.obj : error LNK2001: unresolved external symbol "private: __cdecl pp::Keyboard::Keyboard(void)" (??0Keyboard@pp@@AEAA@XZ)
     1>ScriptC.obj : error LNK2001: unresolved external symbol "private: __cdecl pp::Keyboard::Keyboard(void)" (??0Keyboard@pp@@AEAA@XZ)
     1>GameApplication.obj : error LNK2019: unresolved external symbol "public: void __cdecl pp::Mouse::resetALLKeysStates(void)" (?resetALLKeysStates@Mouse@pp@@QEAAXXZ) referenced in function "public: void __cdecl pp::GameApplication::setUp(void)" (?setUp@GameApplication@pp@@QEAAXXZ)
     1>SceneManager.obj : error LNK2001: unresolved external symbol "public: void __cdecl pp::Mouse::resetALLKeysStates(void)" (?resetALLKeysStates@Mouse@pp@@QEAAXXZ)
     1>GameApplication.obj : error LNK2001: unresolved external symbol "private: static class pp::Keyboard * pp::Keyboard::s_instance" (?s_instance@Keyboard@pp@@0PEAV12@EA)
     1>SceneManager.obj : error LNK2001: unresolved external symbol "private: static class pp::Keyboard * pp::Keyboard::s_instance" (?s_instance@Keyboard@pp@@0PEAV12@EA)
     1>ScriptC.obj : error LNK2001: unresolved external symbol "private: static class pp::Keyboard * pp::Keyboard::s_instance" (?s_instance@Keyboard@pp@@0PEAV12@EA)
     1>PlayerManager.obj : error LNK2019: unresolved external symbol "public: bool __cdecl Math::CFrustum::SphereIntersection(class Math::vec3<float> const &,float const &)" (?SphereIntersection@CFrustum@Math@@QEAA_NAEBV?$vec3@M@2@AEBM@Z) referenced in function "public: void __cdecl pp::PlayerManager::DinoSeePlayer(class Math::mat4<float> const &,bool *)" (?DinoSeePlayer@PlayerManager@pp@@QEAAXAEBV?$mat4@M@Math@@PEA_N@Z)
     1>SphereColliderC.obj : error LNK2001: unresolved external symbol "public: bool __cdecl Math::CFrustum::SphereIntersection(class Math::vec3<float> const &,float const &)" (?SphereIntersection@CFrustum@Math@@QEAA_NAEBV?$vec3@M@2@AEBM@Z)
     1>SceneManager.obj : error LNK2019: unresolved external symbol "public: __cdecl pp::App::App(void)" (??0App@pp@@QEAA@XZ) referenced in function "private: __cdecl pp::SceneManager::SceneManager(void)" (??0SceneManager@pp@@AEAA@XZ)
     1>SceneManager.obj : error LNK2019: unresolved external symbol "public: virtual __cdecl pp::App::~App(void)" (??1App@pp@@UEAA@XZ) referenced in function "private: virtual __cdecl pp::SceneManager::~SceneManager(void)" (??1SceneManager@pp@@EEAA@XZ)
     1>SceneManager.obj : error LNK2019: unresolved external symbol "public: void __cdecl pp::App::calcFPS(void)" (?calcFPS@App@pp@@QEAAXXZ) referenced in function "public: void __cdecl pp::SceneManager::run(void)" (?run@SceneManager@pp@@QEAAXXZ)
     1>SceneManager.obj : error LNK2019: unresolved external symbol "public: void __cdecl pp::App::startTimer(void)" (?startTimer@App@pp@@QEAAXXZ) referenced in function "public: void __cdecl pp::SceneManager::run(void)" (?run@SceneManager@pp@@QEAAXXZ)
     1>SceneManager.obj : error LNK2019: unresolved external symbol "public: void __cdecl pp::App::TimerShldWait(void)" (?TimerShldWait@App@pp@@QEAAXXZ) referenced in function "public: void __cdecl pp::SceneManager::run(void)" (?run@SceneManager@pp@@QEAAXXZ)
     1>SceneManager.obj : error LNK2019: unresolved external symbol "public: void __cdecl pp::Mouse::setMousePos(float const &,float const &)" (?setMousePos@Mouse@pp@@QEAAXAEBM0@Z) referenced in function "private: virtual void __cdecl pp::SceneManager::MouseCursorCB(double const &,double const &)" (?MouseCursorCB@SceneManager@pp@@EEAAXAEBN0@Z)
     1>SceneManager.obj : error LNK2019: unresolved external symbol "public: void __cdecl pp::Mouse::setScrolling(float const &)" (?setScrolling@Mouse@pp@@QEAAXAEBM@Z) referenced in function "private: void __cdecl pp::SceneManager::InputUpdate(void)" (?InputUpdate@SceneManager@pp@@AEAAXXZ)
     1>SceneManager.obj : error LNK2019: unresolved external symbol "public: void __cdecl pp::Mouse::updatePitchAndYaw(float const &)" (?updatePitchAndYaw@Mouse@pp@@QEAAXAEBM@Z) referenced in function "private: void __cdecl pp::SceneManager::InputUpdate(void)" (?InputUpdate@SceneManager@pp@@AEAAXXZ)
     1>SceneManager.obj : error LNK2019: unresolved external symbol "public: void __cdecl pp::Mouse::updateMouseCursorFontSpace(float const &,float const &,float const &)" (?updateMouseCursorFontSpace@Mouse@pp@@QEAAXAEBM00@Z) referenced in function "private: void __cdecl pp::SceneManager::InputUpdate(void)" (?InputUpdate@SceneManager@pp@@AEAAXXZ)
     1>SceneManager.obj : error LNK2019: unresolved external symbol "public: void __cdecl pp::Mouse::setInBound(bool const &)" (?setInBound@Mouse@pp@@QEAAXAEB_N@Z) referenced in function "private: virtual void __cdecl pp::SceneManager::MouseCursorEnterCB(bool const &)" (?MouseCursorEnterCB@SceneManager@pp@@EEAAXAEB_N@Z)
     1>SceneManager.obj : error LNK2019: unresolved external symbol "public: void __cdecl pp::Mouse::updateKeyPressed(enum MOUSE const &,enum KEY_STATE const &)" (?updateKeyPressed@Mouse@pp@@QEAAXAEBW4MOUSE@@AEBW4KEY_STATE@@@Z) referenced in function "private: virtual void __cdecl pp::SceneManager::MouseButtCB(enum KEY const &,enum KEY_STATE const &)" (?MouseButtCB@SceneManager@pp@@EEAAXAEBW4KEY@@AEBW4KEY_STATE@@@Z)
     1>SceneManager.obj : error LNK2019: unresolved external symbol "public: void __cdecl pp::Mouse::resetKeyPressed(void)" (?resetKeyPressed@Mouse@pp@@QEAAXXZ) referenced in function "private: void __cdecl pp::SceneManager::InputUpdate(void)" (?InputUpdate@SceneManager@pp@@AEAAXXZ)
     1>SceneManager.obj : error LNK2019: unresolved external symbol "public: void __cdecl pp::Keyboard::updateKey(enum KEY const &,enum KEY_STATE const &)" (?updateKey@Keyboard@pp@@QEAAXAEBW4KEY@@AEBW4KEY_STATE@@@Z) referenced in function "private: virtual void __cdecl pp::SceneManager::KeyboardCB(enum KEY const &,enum KEY_STATE const &)" (?KeyboardCB@SceneManager@pp@@EEAAXAEBW4KEY@@AEBW4KEY_STATE@@@Z)
     1>ScriptC.obj : error LNK2019: unresolved external symbol "public: bool __cdecl pp::Keyboard::isKeyTouched(enum KEY const &)" (?isKeyTouched@Keyboard@pp@@QEAA_NAEBW4KEY@@@Z) referenced in function "private: virtual int __cdecl pp::ScriptC::LUA_isKeyTouchedCB(struct lua_State *)" (?LUA_isKeyTouchedCB@ScriptC@pp@@EEAAHPEAUlua_State@@@Z)
     1>ScriptC.obj : error LNK2019: unresolved external symbol "public: bool __cdecl pp::Keyboard::isKeyHold(enum KEY const &)" (?isKeyHold@Keyboard@pp@@QEAA_NAEBW4KEY@@@Z) referenced in function "private: virtual int __cdecl pp::ScriptC::LUA_isKeyHoldCB(struct lua_State *)" (?LUA_isKeyHoldCB@ScriptC@pp@@EEAAHPEAUlua_State@@@Z)
     1>ScriptC.obj : error LNK2019: unresolved external symbol "public: bool __cdecl pp::Keyboard::isKeyPressed(enum KEY const &)" (?isKeyPressed@Keyboard@pp@@QEAA_NAEBW4KEY@@@Z) referenced in function "private: virtual int __cdecl pp::ScriptC::LUA_isKeyPressedCB(struct lua_State *)" (?LUA_isKeyPressedCB@ScriptC@pp@@EEAAHPEAUlua_State@@@Z)
     1>ScriptC.obj : error LNK2019: unresolved external symbol "public: float __cdecl pp::Mouse::getScrolling(void)const " (?getScrolling@Mouse@pp@@QEBAMXZ) referenced in function "private: virtual int __cdecl pp::ScriptC::LUA_getScrollingCB(struct lua_State *)" (?LUA_getScrollingCB@ScriptC@pp@@EEAAHPEAUlua_State@@@Z)
     1>ScriptC.obj : error LNK2019: unresolved external symbol "public: bool __cdecl pp::Mouse::isClick(enum MOUSE const &)" (?isClick@Mouse@pp@@QEAA_NAEBW4MOUSE@@@Z) referenced in function "private: virtual int __cdecl pp::ScriptC::LUA_isMouseClickCB(struct lua_State *)" (?LUA_isMouseClickCB@ScriptC@pp@@EEAAHPEAUlua_State@@@Z)
     1>ScriptC.obj : error LNK2019: unresolved external symbol "public: bool __cdecl pp::Mouse::isHold(enum MOUSE const &)" (?isHold@Mouse@pp@@QEAA_NAEBW4MOUSE@@@Z) referenced in function "private: virtual int __cdecl pp::ScriptC::LUA_isMouseHoldCB(struct lua_State *)" (?LUA_isMouseHoldCB@ScriptC@pp@@EEAAHPEAUlua_State@@@Z)
     1>ScriptC.obj : error LNK2019: unresolved external symbol "public: void __cdecl Math::Quaternion::setup(float,class Math::vec3<float> const &)" (?setup@Quaternion@Math@@QEAAXMAEBV?$vec3@M@2@@Z) referenced in function "private: virtual int __cdecl pp::ScriptC::LUA_setSDragRotateCB(struct lua_State *)" (?LUA_setSDragRotateCB@ScriptC@pp@@EEAAHPEAUlua_State@@@Z)
     1>TransformationC.obj : error LNK2001: unresolved external symbol "public: void __cdecl Math::Quaternion::setup(float,class Math::vec3<float> const &)" (?setup@Quaternion@Math@@QEAAXMAEBV?$vec3@M@2@@Z)
     1>TransformationC.obj : error LNK2019: unresolved external symbol "public: __cdecl Math::Quaternion::Quaternion(void)" (??0Quaternion@Math@@QEAA@XZ) referenced in function "public: __cdecl pp::TransformationC::TransformationC(void)" (??0TransformationC@pp@@QEAA@XZ)
     1>TransformationC.obj : error LNK2019: unresolved external symbol "public: class Math::Quaternion const __cdecl Math::Quaternion::operator*(class Math::Quaternion const &)const " (??DQuaternion@Math@@QEBA?BV01@AEBV01@@Z) referenced in function "private: void __cdecl pp::TransformationC::QuaternionRotationUpdate(void)" (?QuaternionRotationUpdate@TransformationC@pp@@AEAAXXZ)
     1>TransformationC.obj : error LNK2019: unresolved external symbol "public: class Math::mat4<float> __cdecl Math::Quaternion::convertTomat4(void)" (?convertTomat4@Quaternion@Math@@QEAA?AV?$mat4@M@2@XZ) referenced in function "public: virtual void __cdecl pp::TransformationC::update(float const &)" (?update@TransformationC@pp@@UEAAXAEBM@Z)
     1>TransformationC.obj : error LNK2019: unresolved external symbol "public: __cdecl Math::MS::MS(void)" (??0MS@Math@@QEAA@XZ) referenced in function "public: __cdecl pp::TransformationC::TransformationC(void)" (??0TransformationC@pp@@QEAA@XZ)
     1>TransformationC.obj : error LNK2019: unresolved external symbol "public: __cdecl Math::MS::~MS(void)" (??1MS@Math@@QEAA@XZ) referenced in function "public: virtual __cdecl pp::TransformationC::~TransformationC(void)" (??1TransformationC@pp@@UEAA@XZ)
     1>TransformationC.obj : error LNK2019: unresolved external symbol "public: class Math::mat4<float> const & __cdecl Math::MS::Top(void)const " (?Top@MS@Math@@QEBAAEBV?$mat4@M@2@XZ) referenced in function "public: virtual void __cdecl pp::TransformationC::update(float const &)" (?update@TransformationC@pp@@UEAAXAEBM@Z)
     1>TransformationC.obj : error LNK2019: unresolved external symbol "public: void __cdecl Math::MS::PushMatrix(void)" (?PushMatrix@MS@Math@@QEAAXXZ) referenced in function "public: void __cdecl pp::TransformationC::pushRotation(float const &,class Math::vec3<float> const &)" (?pushRotation@TransformationC@pp@@QEAAXAEBMAEBV?$vec3@M@Math@@@Z)
     1>TransformationC.obj : error LNK2019: unresolved external symbol "public: void __cdecl Math::MS::Clear(void)" (?Clear@MS@Math@@QEAAXXZ) referenced in function "public: virtual void __cdecl pp::TransformationC::update(float const &)" (?update@TransformationC@pp@@UEAAXAEBM@Z)
     1>TransformationC.obj : error LNK2019: unresolved external symbol "public: void __cdecl Math::MS::LoadIdentity(void)" (?LoadIdentity@MS@Math@@QEAAXXZ) referenced in function "public: __cdecl pp::TransformationC::TransformationC(void)" (??0TransformationC@pp@@QEAA@XZ)
     1>TransformationC.obj : error LNK2019: unresolved external symbol "public: void __cdecl Math::MS::QuaternionRotate(float const &,class Math::vec3<float> const &)" (?QuaternionRotate@MS@Math@@QEAAXAEBMAEBV?$vec3@M@2@@Z) referenced in function "public: void __cdecl pp::TransformationC::pushRotation(float const &,class Math::vec3<float> const &)" (?pushRotation@TransformationC@pp@@QEAAXAEBMAEBV?$vec3@M@Math@@@Z)
     1>C:\Users\Chuk Yih Jou\Desktop\SP1_framework\XOFEngine\x64\Debug\XOFEngine.exe : fatal error LNK1120: 49 unresolved externals
     1>Done Building Project "C:\Users\Chuk Yih Jou\Desktop\SP1_framework\XOFEngine\XOFEngine\XOFEngine.vcxproj" (Build target(s)) -- FAILED.

Build FAILED.

Time Elapsed 00:00:27.63
