c:\users\chuk yih jou\desktop\sp1_framework\xofengine\xofengine\x64\debug\vc120.pdb
c:\users\chuk yih jou\desktop\sp1_framework\xofengine\xofengine\x64\debug\vc120.idb
c:\users\chuk yih jou\desktop\sp1_framework\xofengine\xofengine\x64\debug\scriptc.obj
c:\users\chuk yih jou\desktop\sp1_framework\xofengine\xofengine\x64\debug\shaderheaven.obj
c:\users\chuk yih jou\desktop\sp1_framework\xofengine\xofengine\x64\debug\shaderprogram.obj
c:\users\chuk yih jou\desktop\sp1_framework\xofengine\xofengine\x64\debug\simpleshader.obj
c:\users\chuk yih jou\desktop\sp1_framework\xofengine\xofengine\x64\debug\skyboxbuffer.obj
c:\users\chuk yih jou\desktop\sp1_framework\xofengine\xofengine\x64\debug\skyboxshader.obj
c:\users\chuk yih jou\desktop\sp1_framework\xofengine\xofengine\x64\debug\spherecolliderc.obj
c:\users\chuk yih jou\desktop\sp1_framework\xofengine\xofengine\x64\debug\ssaoblurshader.obj
c:\users\chuk yih jou\desktop\sp1_framework\xofengine\xofengine\x64\debug\ssaobuffer.obj
c:\users\chuk yih jou\desktop\sp1_framework\xofengine\xofengine\x64\debug\ssaoshader.obj
c:\users\chuk yih jou\desktop\sp1_framework\xofengine\xofengine\x64\debug\textmesh.obj
c:\users\chuk yih jou\desktop\sp1_framework\xofengine\xofengine\x64\debug\textmeshcreator.obj
c:\users\chuk yih jou\desktop\sp1_framework\xofengine\xofengine\x64\debug\texture.obj
c:\users\chuk yih jou\desktop\sp1_framework\xofengine\xofengine\x64\debug\texturedata.obj
c:\users\chuk yih jou\desktop\sp1_framework\xofengine\xofengine\x64\debug\texturelibrary.obj
c:\users\chuk yih jou\desktop\sp1_framework\xofengine\xofengine\x64\debug\transformationc.obj
c:\users\chuk yih jou\desktop\sp1_framework\xofengine\xofengine\x64\debug\triggerc.obj
c:\users\chuk yih jou\desktop\sp1_framework\xofengine\xofengine\x64\debug\ubo.obj
c:\users\chuk yih jou\desktop\sp1_framework\xofengine\xofengine\x64\debug\word.obj
c:\users\chuk yih jou\desktop\sp1_framework\xofengine\xofengine\x64\debug\world.obj
c:\users\chuk yih jou\desktop\sp1_framework\xofengine\xofengine\x64\debug\linerendererc.obj
c:\users\chuk yih jou\desktop\sp1_framework\xofengine\xofengine\x64\debug\lua_backend.obj
c:\users\chuk yih jou\desktop\sp1_framework\xofengine\xofengine\x64\debug\main.obj
c:\users\chuk yih jou\desktop\sp1_framework\xofengine\xofengine\x64\debug\matricesubo.obj
c:\users\chuk yih jou\desktop\sp1_framework\xofengine\xofengine\x64\debug\mesh.obj
c:\users\chuk yih jou\desktop\sp1_framework\xofengine\xofengine\x64\debug\meshcolliderc.obj
c:\users\chuk yih jou\desktop\sp1_framework\xofengine\xofengine\x64\debug\meshrendererc.obj
c:\users\chuk yih jou\desktop\sp1_framework\xofengine\xofengine\x64\debug\metafile.obj
c:\users\chuk yih jou\desktop\sp1_framework\xofengine\xofengine\x64\debug\modellibrary.obj
c:\users\chuk yih jou\desktop\sp1_framework\xofengine\xofengine\x64\debug\motionblurshader.obj
c:\users\chuk yih jou\desktop\sp1_framework\xofengine\xofengine\x64\debug\nullshader.obj
c:\users\chuk yih jou\desktop\sp1_framework\xofengine\xofengine\x64\debug\pbuffer.obj
c:\users\chuk yih jou\desktop\sp1_framework\xofengine\xofengine\x64\debug\pingpongfbo.obj
c:\users\chuk yih jou\desktop\sp1_framework\xofengine\xofengine\x64\debug\playermanager.obj
c:\users\chuk yih jou\desktop\sp1_framework\xofengine\xofengine\x64\debug\pointlightc.obj
c:\users\chuk yih jou\desktop\sp1_framework\xofengine\xofengine\x64\debug\postprocesspassshader.obj
c:\users\chuk yih jou\desktop\sp1_framework\xofengine\xofengine\x64\debug\rendererc.obj
c:\users\chuk yih jou\desktop\sp1_framework\xofengine\xofengine\x64\debug\scene3d.obj
c:\users\chuk yih jou\desktop\sp1_framework\xofengine\xofengine\x64\debug\scenebase.obj
c:\users\chuk yih jou\desktop\sp1_framework\xofengine\xofengine\x64\debug\scenemanager.obj
c:\users\chuk yih jou\desktop\sp1_framework\xofengine\xofengine\x64\debug\fontslibrary.obj
c:\users\chuk yih jou\desktop\sp1_framework\xofengine\xofengine\x64\debug\fonttype.obj
c:\users\chuk yih jou\desktop\sp1_framework\xofengine\xofengine\x64\debug\fxaashader.obj
c:\users\chuk yih jou\desktop\sp1_framework\xofengine\xofengine\x64\debug\gameapplication.obj
c:\users\chuk yih jou\desktop\sp1_framework\xofengine\xofengine\x64\debug\gausianblurshader.obj
c:\users\chuk yih jou\desktop\sp1_framework\xofengine\xofengine\x64\debug\gbuffer.obj
c:\users\chuk yih jou\desktop\sp1_framework\xofengine\xofengine\x64\debug\geometrypassshader.obj
c:\users\chuk yih jou\desktop\sp1_framework\xofengine\xofengine\x64\debug\glfw_window.obj
c:\users\chuk yih jou\desktop\sp1_framework\xofengine\xofengine\x64\debug\gl_backend.obj
c:\users\chuk yih jou\desktop\sp1_framework\xofengine\xofengine\x64\debug\graphicengine.obj
c:\users\chuk yih jou\desktop\sp1_framework\xofengine\xofengine\x64\debug\graphicscale.obj
c:\users\chuk yih jou\desktop\sp1_framework\xofengine\xofengine\x64\debug\grassmesh.obj
c:\users\chuk yih jou\desktop\sp1_framework\xofengine\xofengine\x64\debug\grassshader.obj
c:\users\chuk yih jou\desktop\sp1_framework\xofengine\xofengine\x64\debug\guirenderengine.obj
c:\users\chuk yih jou\desktop\sp1_framework\xofengine\xofengine\x64\debug\guitext.obj
c:\users\chuk yih jou\desktop\sp1_framework\xofengine\xofengine\x64\debug\lensflareshader.obj
c:\users\chuk yih jou\desktop\sp1_framework\xofengine\xofengine\x64\debug\lightc.obj
c:\users\chuk yih jou\desktop\sp1_framework\xofengine\xofengine\x64\debug\lightshader.obj
c:\users\chuk yih jou\desktop\sp1_framework\xofengine\xofengine\x64\debug\line.obj
c:\users\chuk yih jou\desktop\sp1_framework\xofengine\xofengine\x64\debug\linemesh.obj
c:\users\chuk yih jou\desktop\sp1_framework\xofengine\xofengine\x64\debug\camerac.obj
c:\users\chuk yih jou\desktop\sp1_framework\xofengine\xofengine\x64\debug\canvas.obj
c:\users\chuk yih jou\desktop\sp1_framework\xofengine\xofengine\x64\debug\character.obj
c:\users\chuk yih jou\desktop\sp1_framework\xofengine\xofengine\x64\debug\collectable.obj
c:\users\chuk yih jou\desktop\sp1_framework\xofengine\xofengine\x64\debug\colliderc.obj
c:\users\chuk yih jou\desktop\sp1_framework\xofengine\xofengine\x64\debug\commonshader.obj
c:\users\chuk yih jou\desktop\sp1_framework\xofengine\xofengine\x64\debug\component.obj
c:\users\chuk yih jou\desktop\sp1_framework\xofengine\xofengine\x64\debug\componentspool.obj
c:\users\chuk yih jou\desktop\sp1_framework\xofengine\xofengine\x64\debug\debugmesh.obj
c:\users\chuk yih jou\desktop\sp1_framework\xofengine\xofengine\x64\debug\debugshader.obj
c:\users\chuk yih jou\desktop\sp1_framework\xofengine\xofengine\x64\debug\depthmapfbo.obj
c:\users\chuk yih jou\desktop\sp1_framework\xofengine\xofengine\x64\debug\depthshader.obj
c:\users\chuk yih jou\desktop\sp1_framework\xofengine\xofengine\x64\debug\dinoaic.obj
c:\users\chuk yih jou\desktop\sp1_framework\xofengine\xofengine\x64\debug\dirlightc.obj
c:\users\chuk yih jou\desktop\sp1_framework\xofengine\xofengine\x64\debug\ellipsoidcolliderc.obj
c:\users\chuk yih jou\desktop\sp1_framework\xofengine\xofengine\x64\debug\entitiespool.obj
c:\users\chuk yih jou\desktop\sp1_framework\xofengine\xofengine\x64\debug\entity.obj
c:\users\chuk yih jou\desktop\sp1_framework\xofengine\xofengine\x64\debug\finalfbo.obj
c:\users\chuk yih jou\desktop\sp1_framework\xofengine\xofengine\x64\debug\finalpassshader.obj
c:\users\chuk yih jou\desktop\sp1_framework\xofengine\xofengine\x64\debug\fontshader.obj
c:\users\chuk yih jou\desktop\sp1_framework\xofengine\xofengine\x64\debug\aabb.obj
c:\users\chuk yih jou\desktop\sp1_framework\xofengine\xofengine\x64\debug\axislinemesh.obj
c:\users\chuk yih jou\desktop\sp1_framework\xofengine\xofengine\x64\debug\basicmesh.obj
c:\users\chuk yih jou\desktop\sp1_framework\xofengine\xofengine\x64\debug\bulletc.obj
c:\users\chuk yih jou\desktop\sp1_framework\xofengine\xofengine\x64\debug\linit.obj
c:\users\chuk yih jou\desktop\sp1_framework\xofengine\xofengine\x64\debug\liolib.obj
c:\users\chuk yih jou\desktop\sp1_framework\xofengine\xofengine\x64\debug\llex.obj
c:\users\chuk yih jou\desktop\sp1_framework\xofengine\xofengine\x64\debug\lmathlib.obj
c:\users\chuk yih jou\desktop\sp1_framework\xofengine\xofengine\x64\debug\lmem.obj
c:\users\chuk yih jou\desktop\sp1_framework\xofengine\xofengine\x64\debug\loadlib.obj
c:\users\chuk yih jou\desktop\sp1_framework\xofengine\xofengine\x64\debug\lobject.obj
c:\users\chuk yih jou\desktop\sp1_framework\xofengine\xofengine\x64\debug\lopcodes.obj
c:\users\chuk yih jou\desktop\sp1_framework\xofengine\xofengine\x64\debug\loslib.obj
c:\users\chuk yih jou\desktop\sp1_framework\xofengine\xofengine\x64\debug\lparser.obj
c:\users\chuk yih jou\desktop\sp1_framework\xofengine\xofengine\x64\debug\lstate.obj
c:\users\chuk yih jou\desktop\sp1_framework\xofengine\xofengine\x64\debug\lstring.obj
c:\users\chuk yih jou\desktop\sp1_framework\xofengine\xofengine\x64\debug\lstrlib.obj
c:\users\chuk yih jou\desktop\sp1_framework\xofengine\xofengine\x64\debug\ltable.obj
c:\users\chuk yih jou\desktop\sp1_framework\xofengine\xofengine\x64\debug\ltablib.obj
c:\users\chuk yih jou\desktop\sp1_framework\xofengine\xofengine\x64\debug\ltm.obj
c:\users\chuk yih jou\desktop\sp1_framework\xofengine\xofengine\x64\debug\lundump.obj
c:\users\chuk yih jou\desktop\sp1_framework\xofengine\xofengine\x64\debug\lutf8lib.obj
c:\users\chuk yih jou\desktop\sp1_framework\xofengine\xofengine\x64\debug\lvm.obj
c:\users\chuk yih jou\desktop\sp1_framework\xofengine\xofengine\x64\debug\lzio.obj
c:\users\chuk yih jou\desktop\sp1_framework\xofengine\xofengine\x64\debug\lapi.obj
c:\users\chuk yih jou\desktop\sp1_framework\xofengine\xofengine\x64\debug\lauxlib.obj
c:\users\chuk yih jou\desktop\sp1_framework\xofengine\xofengine\x64\debug\lbaselib.obj
c:\users\chuk yih jou\desktop\sp1_framework\xofengine\xofengine\x64\debug\lbitlib.obj
c:\users\chuk yih jou\desktop\sp1_framework\xofengine\xofengine\x64\debug\lcode.obj
c:\users\chuk yih jou\desktop\sp1_framework\xofengine\xofengine\x64\debug\lcorolib.obj
c:\users\chuk yih jou\desktop\sp1_framework\xofengine\xofengine\x64\debug\lctype.obj
c:\users\chuk yih jou\desktop\sp1_framework\xofengine\xofengine\x64\debug\ldblib.obj
c:\users\chuk yih jou\desktop\sp1_framework\xofengine\xofengine\x64\debug\ldebug.obj
c:\users\chuk yih jou\desktop\sp1_framework\xofengine\xofengine\x64\debug\ldo.obj
c:\users\chuk yih jou\desktop\sp1_framework\xofengine\xofengine\x64\debug\ldump.obj
c:\users\chuk yih jou\desktop\sp1_framework\xofengine\xofengine\x64\debug\lfunc.obj
c:\users\chuk yih jou\desktop\sp1_framework\xofengine\xofengine\x64\debug\lgc.obj
c:\users\chuk yih jou\desktop\sp1_framework\xofengine\x64\debug\xofengine.pdb
c:\users\chuk yih jou\desktop\sp1_framework\xofengine\xofengine\x64\debug\xofengine.tlog\cl.command.1.tlog
c:\users\chuk yih jou\desktop\sp1_framework\xofengine\xofengine\x64\debug\xofengine.tlog\cl.read.1.tlog
c:\users\chuk yih jou\desktop\sp1_framework\xofengine\xofengine\x64\debug\xofengine.tlog\cl.write.1.tlog
c:\users\chuk yih jou\desktop\sp1_framework\xofengine\xofengine\x64\debug\xofengine.tlog\link-cvtres.read.1.tlog
c:\users\chuk yih jou\desktop\sp1_framework\xofengine\xofengine\x64\debug\xofengine.tlog\link-cvtres.write.1.tlog
c:\users\chuk yih jou\desktop\sp1_framework\xofengine\xofengine\x64\debug\xofengine.tlog\link-rc.read.1.tlog
c:\users\chuk yih jou\desktop\sp1_framework\xofengine\xofengine\x64\debug\xofengine.tlog\link-rc.write.1.tlog
c:\users\chuk yih jou\desktop\sp1_framework\xofengine\xofengine\x64\debug\xofengine.tlog\link.command.1.tlog
c:\users\chuk yih jou\desktop\sp1_framework\xofengine\xofengine\x64\debug\xofengine.tlog\link.read.1.tlog
c:\users\chuk yih jou\desktop\sp1_framework\xofengine\xofengine\x64\debug\xofengine.tlog\link.write.1.tlog
