c:\users\chuk yih jou\desktop\sp1_framework\xofengine\common\x64\release\vc120.pdb
c:\users\chuk yih jou\desktop\sp1_framework\xofengine\common\x64\release\timer.obj
c:\users\chuk yih jou\desktop\sp1_framework\xofengine\common\x64\release\testplane.obj
c:\users\chuk yih jou\desktop\sp1_framework\xofengine\common\x64\release\quat4.obj
c:\users\chuk yih jou\desktop\sp1_framework\xofengine\common\x64\release\mouse.obj
c:\users\chuk yih jou\desktop\sp1_framework\xofengine\common\x64\release\matrixstack.obj
c:\users\chuk yih jou\desktop\sp1_framework\xofengine\common\x64\release\keyboard.obj
c:\users\chuk yih jou\desktop\sp1_framework\xofengine\common\x64\release\frustum.obj
c:\users\chuk yih jou\desktop\sp1_framework\xofengine\common\x64\release\attenuationformula.obj
c:\users\chuk yih jou\desktop\sp1_framework\xofengine\common\x64\release\attenuation.obj
c:\users\chuk yih jou\desktop\sp1_framework\xofengine\common\x64\release\app.obj
c:\users\chuk yih jou\desktop\sp1_framework\xofengine\x64\release\common.lib
c:\users\chuk yih jou\desktop\oldglproj\xofengine\common\x64\release\app.obj
c:\users\chuk yih jou\desktop\oldglproj\xofengine\common\x64\release\attenuation.obj
c:\users\chuk yih jou\desktop\oldglproj\xofengine\common\x64\release\attenuationformula.obj
c:\users\chuk yih jou\desktop\oldglproj\xofengine\common\x64\release\frustum.obj
c:\users\chuk yih jou\desktop\oldglproj\xofengine\common\x64\release\keyboard.obj
c:\users\chuk yih jou\desktop\oldglproj\xofengine\common\x64\release\matrixstack.obj
c:\users\chuk yih jou\desktop\oldglproj\xofengine\common\x64\release\mouse.obj
c:\users\chuk yih jou\desktop\oldglproj\xofengine\common\x64\release\quat4.obj
c:\users\chuk yih jou\desktop\oldglproj\xofengine\common\x64\release\testplane.obj
c:\users\chuk yih jou\desktop\oldglproj\xofengine\common\x64\release\timer.obj
c:\users\chuk yih jou\desktop\oldglproj\xofengine\common\x64\release\vc120.pdb
c:\users\chuk yih jou\desktop\oldglproj\xofengine\x64\release\common.lib
c:\users\chuk yih jou\desktop\oldglproj\xofengine\common\x64\release\common.tlog\cl.command.1.tlog
c:\users\chuk yih jou\desktop\oldglproj\xofengine\common\x64\release\common.tlog\cl.read.1.tlog
c:\users\chuk yih jou\desktop\oldglproj\xofengine\common\x64\release\common.tlog\cl.write.1.tlog
c:\users\chuk yih jou\desktop\oldglproj\xofengine\common\x64\release\common.tlog\lib-link.read.1.tlog
c:\users\chuk yih jou\desktop\oldglproj\xofengine\common\x64\release\common.tlog\lib-link.write.1.tlog
c:\users\chuk yih jou\desktop\oldglproj\xofengine\common\x64\release\common.tlog\lib.command.1.tlog
