c:\users\chuk yih jou\desktop\sp1_framework\xofengine\xofengine\x64\release\vc120.pdb
c:\users\chuk yih jou\desktop\sp1_framework\xofengine\xofengine\x64\release\entitiespool.obj
c:\users\chuk yih jou\desktop\sp1_framework\xofengine\xofengine\x64\release\ellipsoidcolliderc.obj
c:\users\chuk yih jou\desktop\sp1_framework\xofengine\xofengine\x64\release\dirlightc.obj
c:\users\chuk yih jou\desktop\sp1_framework\xofengine\xofengine\x64\release\dinoaic.obj
c:\users\chuk yih jou\desktop\sp1_framework\xofengine\xofengine\x64\release\depthshader.obj
c:\users\chuk yih jou\desktop\sp1_framework\xofengine\xofengine\x64\release\depthmapfbo.obj
c:\users\chuk yih jou\desktop\sp1_framework\xofengine\xofengine\x64\release\debugshader.obj
c:\users\chuk yih jou\desktop\sp1_framework\xofengine\xofengine\x64\release\debugmesh.obj
c:\users\chuk yih jou\desktop\sp1_framework\xofengine\xofengine\x64\release\componentspool.obj
c:\users\chuk yih jou\desktop\sp1_framework\xofengine\xofengine\x64\release\component.obj
c:\users\chuk yih jou\desktop\sp1_framework\xofengine\xofengine\x64\release\commonshader.obj
c:\users\chuk yih jou\desktop\sp1_framework\xofengine\xofengine\x64\release\colliderc.obj
c:\users\chuk yih jou\desktop\sp1_framework\xofengine\xofengine\x64\release\collectable.obj
c:\users\chuk yih jou\desktop\sp1_framework\xofengine\xofengine\x64\release\character.obj
c:\users\chuk yih jou\desktop\sp1_framework\xofengine\xofengine\x64\release\canvas.obj
c:\users\chuk yih jou\desktop\sp1_framework\xofengine\xofengine\x64\release\camerac.obj
c:\users\chuk yih jou\desktop\sp1_framework\xofengine\xofengine\x64\release\bulletc.obj
c:\users\chuk yih jou\desktop\sp1_framework\xofengine\xofengine\x64\release\basicmesh.obj
c:\users\chuk yih jou\desktop\sp1_framework\xofengine\xofengine\x64\release\axislinemesh.obj
c:\users\chuk yih jou\desktop\sp1_framework\xofengine\xofengine\x64\release\aabb.obj
c:\users\chuk yih jou\desktop\sp1_framework\xofengine\xofengine\x64\release\lensflareshader.obj
c:\users\chuk yih jou\desktop\sp1_framework\xofengine\xofengine\x64\release\guitext.obj
c:\users\chuk yih jou\desktop\sp1_framework\xofengine\xofengine\x64\release\guirenderengine.obj
c:\users\chuk yih jou\desktop\sp1_framework\xofengine\xofengine\x64\release\grassshader.obj
c:\users\chuk yih jou\desktop\sp1_framework\xofengine\xofengine\x64\release\grassmesh.obj
c:\users\chuk yih jou\desktop\sp1_framework\xofengine\xofengine\x64\release\graphicscale.obj
c:\users\chuk yih jou\desktop\sp1_framework\xofengine\xofengine\x64\release\graphicengine.obj
c:\users\chuk yih jou\desktop\sp1_framework\xofengine\xofengine\x64\release\gl_backend.obj
c:\users\chuk yih jou\desktop\sp1_framework\xofengine\xofengine\x64\release\glfw_window.obj
c:\users\chuk yih jou\desktop\sp1_framework\xofengine\xofengine\x64\release\geometrypassshader.obj
c:\users\chuk yih jou\desktop\sp1_framework\xofengine\xofengine\x64\release\gbuffer.obj
c:\users\chuk yih jou\desktop\sp1_framework\xofengine\xofengine\x64\release\gausianblurshader.obj
c:\users\chuk yih jou\desktop\sp1_framework\xofengine\xofengine\x64\release\gameapplication.obj
c:\users\chuk yih jou\desktop\sp1_framework\xofengine\xofengine\x64\release\fxaashader.obj
c:\users\chuk yih jou\desktop\sp1_framework\xofengine\xofengine\x64\release\fonttype.obj
c:\users\chuk yih jou\desktop\sp1_framework\xofengine\xofengine\x64\release\fontslibrary.obj
c:\users\chuk yih jou\desktop\sp1_framework\xofengine\xofengine\x64\release\fontshader.obj
c:\users\chuk yih jou\desktop\sp1_framework\xofengine\xofengine\x64\release\finalpassshader.obj
c:\users\chuk yih jou\desktop\sp1_framework\xofengine\xofengine\x64\release\finalfbo.obj
c:\users\chuk yih jou\desktop\sp1_framework\xofengine\xofengine\x64\release\entity.obj
c:\users\chuk yih jou\desktop\sp1_framework\xofengine\xofengine\x64\release\postprocesspassshader.obj
c:\users\chuk yih jou\desktop\sp1_framework\xofengine\xofengine\x64\release\pointlightc.obj
c:\users\chuk yih jou\desktop\sp1_framework\xofengine\xofengine\x64\release\playermanager.obj
c:\users\chuk yih jou\desktop\sp1_framework\xofengine\xofengine\x64\release\pingpongfbo.obj
c:\users\chuk yih jou\desktop\sp1_framework\xofengine\xofengine\x64\release\pbuffer.obj
c:\users\chuk yih jou\desktop\sp1_framework\xofengine\xofengine\x64\release\nullshader.obj
c:\users\chuk yih jou\desktop\sp1_framework\xofengine\xofengine\x64\release\motionblurshader.obj
c:\users\chuk yih jou\desktop\sp1_framework\xofengine\xofengine\x64\release\modellibrary.obj
c:\users\chuk yih jou\desktop\sp1_framework\xofengine\xofengine\x64\release\metafile.obj
c:\users\chuk yih jou\desktop\sp1_framework\xofengine\xofengine\x64\release\meshrendererc.obj
c:\users\chuk yih jou\desktop\sp1_framework\xofengine\xofengine\x64\release\meshcolliderc.obj
c:\users\chuk yih jou\desktop\sp1_framework\xofengine\xofengine\x64\release\mesh.obj
c:\users\chuk yih jou\desktop\sp1_framework\xofengine\xofengine\x64\release\matricesubo.obj
c:\users\chuk yih jou\desktop\sp1_framework\xofengine\xofengine\x64\release\main.obj
c:\users\chuk yih jou\desktop\sp1_framework\xofengine\xofengine\x64\release\lua_backend.obj
c:\users\chuk yih jou\desktop\sp1_framework\xofengine\xofengine\x64\release\linerendererc.obj
c:\users\chuk yih jou\desktop\sp1_framework\xofengine\xofengine\x64\release\linemesh.obj
c:\users\chuk yih jou\desktop\sp1_framework\xofengine\xofengine\x64\release\line.obj
c:\users\chuk yih jou\desktop\sp1_framework\xofengine\xofengine\x64\release\lightshader.obj
c:\users\chuk yih jou\desktop\sp1_framework\xofengine\xofengine\x64\release\lightc.obj
c:\users\chuk yih jou\desktop\sp1_framework\xofengine\xofengine\x64\release\transformationc.obj
c:\users\chuk yih jou\desktop\sp1_framework\xofengine\xofengine\x64\release\texturelibrary.obj
c:\users\chuk yih jou\desktop\sp1_framework\xofengine\xofengine\x64\release\texturedata.obj
c:\users\chuk yih jou\desktop\sp1_framework\xofengine\xofengine\x64\release\texture.obj
c:\users\chuk yih jou\desktop\sp1_framework\xofengine\xofengine\x64\release\textmeshcreator.obj
c:\users\chuk yih jou\desktop\sp1_framework\xofengine\xofengine\x64\release\textmesh.obj
c:\users\chuk yih jou\desktop\sp1_framework\xofengine\xofengine\x64\release\ssaoshader.obj
c:\users\chuk yih jou\desktop\sp1_framework\xofengine\xofengine\x64\release\ssaobuffer.obj
c:\users\chuk yih jou\desktop\sp1_framework\xofengine\xofengine\x64\release\ssaoblurshader.obj
c:\users\chuk yih jou\desktop\sp1_framework\xofengine\xofengine\x64\release\spherecolliderc.obj
c:\users\chuk yih jou\desktop\sp1_framework\xofengine\xofengine\x64\release\skyboxshader.obj
c:\users\chuk yih jou\desktop\sp1_framework\xofengine\xofengine\x64\release\skyboxbuffer.obj
c:\users\chuk yih jou\desktop\sp1_framework\xofengine\xofengine\x64\release\simpleshader.obj
c:\users\chuk yih jou\desktop\sp1_framework\xofengine\xofengine\x64\release\shaderprogram.obj
c:\users\chuk yih jou\desktop\sp1_framework\xofengine\xofengine\x64\release\shaderheaven.obj
c:\users\chuk yih jou\desktop\sp1_framework\xofengine\xofengine\x64\release\scriptc.obj
c:\users\chuk yih jou\desktop\sp1_framework\xofengine\xofengine\x64\release\scenemanager.obj
c:\users\chuk yih jou\desktop\sp1_framework\xofengine\xofengine\x64\release\scenebase.obj
c:\users\chuk yih jou\desktop\sp1_framework\xofengine\xofengine\x64\release\scene3d.obj
c:\users\chuk yih jou\desktop\sp1_framework\xofengine\xofengine\x64\release\rendererc.obj
c:\users\chuk yih jou\desktop\sp1_framework\xofengine\xofengine\x64\release\world.obj
c:\users\chuk yih jou\desktop\sp1_framework\xofengine\xofengine\x64\release\word.obj
c:\users\chuk yih jou\desktop\sp1_framework\xofengine\xofengine\x64\release\ubo.obj
c:\users\chuk yih jou\desktop\sp1_framework\xofengine\xofengine\x64\release\triggerc.obj
c:\users\chuk yih jou\desktop\sp1_framework\xofengine\xofengine\x64\release\lobject.obj
c:\users\chuk yih jou\desktop\sp1_framework\xofengine\xofengine\x64\release\loadlib.obj
c:\users\chuk yih jou\desktop\sp1_framework\xofengine\xofengine\x64\release\lmem.obj
c:\users\chuk yih jou\desktop\sp1_framework\xofengine\xofengine\x64\release\lmathlib.obj
c:\users\chuk yih jou\desktop\sp1_framework\xofengine\xofengine\x64\release\llex.obj
c:\users\chuk yih jou\desktop\sp1_framework\xofengine\xofengine\x64\release\liolib.obj
c:\users\chuk yih jou\desktop\sp1_framework\xofengine\xofengine\x64\release\linit.obj
c:\users\chuk yih jou\desktop\sp1_framework\xofengine\xofengine\x64\release\lgc.obj
c:\users\chuk yih jou\desktop\sp1_framework\xofengine\xofengine\x64\release\lfunc.obj
c:\users\chuk yih jou\desktop\sp1_framework\xofengine\xofengine\x64\release\ldump.obj
c:\users\chuk yih jou\desktop\sp1_framework\xofengine\xofengine\x64\release\ldo.obj
c:\users\chuk yih jou\desktop\sp1_framework\xofengine\xofengine\x64\release\ldebug.obj
c:\users\chuk yih jou\desktop\sp1_framework\xofengine\xofengine\x64\release\ldblib.obj
c:\users\chuk yih jou\desktop\sp1_framework\xofengine\xofengine\x64\release\lctype.obj
c:\users\chuk yih jou\desktop\sp1_framework\xofengine\xofengine\x64\release\lcorolib.obj
c:\users\chuk yih jou\desktop\sp1_framework\xofengine\xofengine\x64\release\lcode.obj
c:\users\chuk yih jou\desktop\sp1_framework\xofengine\xofengine\x64\release\lbitlib.obj
c:\users\chuk yih jou\desktop\sp1_framework\xofengine\xofengine\x64\release\lbaselib.obj
c:\users\chuk yih jou\desktop\sp1_framework\xofengine\xofengine\x64\release\lauxlib.obj
c:\users\chuk yih jou\desktop\sp1_framework\xofengine\xofengine\x64\release\lapi.obj
c:\users\chuk yih jou\desktop\sp1_framework\xofengine\xofengine\x64\release\lzio.obj
c:\users\chuk yih jou\desktop\sp1_framework\xofengine\xofengine\x64\release\lvm.obj
c:\users\chuk yih jou\desktop\sp1_framework\xofengine\xofengine\x64\release\lutf8lib.obj
c:\users\chuk yih jou\desktop\sp1_framework\xofengine\xofengine\x64\release\lundump.obj
c:\users\chuk yih jou\desktop\sp1_framework\xofengine\xofengine\x64\release\ltm.obj
c:\users\chuk yih jou\desktop\sp1_framework\xofengine\xofengine\x64\release\ltablib.obj
c:\users\chuk yih jou\desktop\sp1_framework\xofengine\xofengine\x64\release\ltable.obj
c:\users\chuk yih jou\desktop\sp1_framework\xofengine\xofengine\x64\release\lstrlib.obj
c:\users\chuk yih jou\desktop\sp1_framework\xofengine\xofengine\x64\release\lstring.obj
c:\users\chuk yih jou\desktop\sp1_framework\xofengine\xofengine\x64\release\lstate.obj
c:\users\chuk yih jou\desktop\sp1_framework\xofengine\xofengine\x64\release\lparser.obj
c:\users\chuk yih jou\desktop\sp1_framework\xofengine\xofengine\x64\release\loslib.obj
c:\users\chuk yih jou\desktop\sp1_framework\xofengine\xofengine\x64\release\lopcodes.obj
c:\users\chuk yih jou\desktop\oldglproj\xofengine\xofengine\x64\release\aabb.obj
c:\users\chuk yih jou\desktop\oldglproj\xofengine\xofengine\x64\release\axislinemesh.obj
c:\users\chuk yih jou\desktop\oldglproj\xofengine\xofengine\x64\release\basicmesh.obj
c:\users\chuk yih jou\desktop\oldglproj\xofengine\xofengine\x64\release\bulletc.obj
c:\users\chuk yih jou\desktop\oldglproj\xofengine\xofengine\x64\release\camerac.obj
c:\users\chuk yih jou\desktop\oldglproj\xofengine\xofengine\x64\release\canvas.obj
c:\users\chuk yih jou\desktop\oldglproj\xofengine\xofengine\x64\release\character.obj
c:\users\chuk yih jou\desktop\oldglproj\xofengine\xofengine\x64\release\collectable.obj
c:\users\chuk yih jou\desktop\oldglproj\xofengine\xofengine\x64\release\colliderc.obj
c:\users\chuk yih jou\desktop\oldglproj\xofengine\xofengine\x64\release\commonshader.obj
c:\users\chuk yih jou\desktop\oldglproj\xofengine\xofengine\x64\release\component.obj
c:\users\chuk yih jou\desktop\oldglproj\xofengine\xofengine\x64\release\componentspool.obj
c:\users\chuk yih jou\desktop\oldglproj\xofengine\xofengine\x64\release\debugmesh.obj
c:\users\chuk yih jou\desktop\oldglproj\xofengine\xofengine\x64\release\debugshader.obj
c:\users\chuk yih jou\desktop\oldglproj\xofengine\xofengine\x64\release\depthmapfbo.obj
c:\users\chuk yih jou\desktop\oldglproj\xofengine\xofengine\x64\release\depthshader.obj
c:\users\chuk yih jou\desktop\oldglproj\xofengine\xofengine\x64\release\dinoaic.obj
c:\users\chuk yih jou\desktop\oldglproj\xofengine\xofengine\x64\release\dirlightc.obj
c:\users\chuk yih jou\desktop\oldglproj\xofengine\xofengine\x64\release\ellipsoidcolliderc.obj
c:\users\chuk yih jou\desktop\oldglproj\xofengine\xofengine\x64\release\entitiespool.obj
c:\users\chuk yih jou\desktop\oldglproj\xofengine\xofengine\x64\release\entity.obj
c:\users\chuk yih jou\desktop\oldglproj\xofengine\xofengine\x64\release\finalfbo.obj
c:\users\chuk yih jou\desktop\oldglproj\xofengine\xofengine\x64\release\finalpassshader.obj
c:\users\chuk yih jou\desktop\oldglproj\xofengine\xofengine\x64\release\fontshader.obj
c:\users\chuk yih jou\desktop\oldglproj\xofengine\xofengine\x64\release\fontslibrary.obj
c:\users\chuk yih jou\desktop\oldglproj\xofengine\xofengine\x64\release\fonttype.obj
c:\users\chuk yih jou\desktop\oldglproj\xofengine\xofengine\x64\release\fxaashader.obj
c:\users\chuk yih jou\desktop\oldglproj\xofengine\xofengine\x64\release\gameapplication.obj
c:\users\chuk yih jou\desktop\oldglproj\xofengine\xofengine\x64\release\gausianblurshader.obj
c:\users\chuk yih jou\desktop\oldglproj\xofengine\xofengine\x64\release\gbuffer.obj
c:\users\chuk yih jou\desktop\oldglproj\xofengine\xofengine\x64\release\geometrypassshader.obj
c:\users\chuk yih jou\desktop\oldglproj\xofengine\xofengine\x64\release\glfw_window.obj
c:\users\chuk yih jou\desktop\oldglproj\xofengine\xofengine\x64\release\gl_backend.obj
c:\users\chuk yih jou\desktop\oldglproj\xofengine\xofengine\x64\release\graphicengine.obj
c:\users\chuk yih jou\desktop\oldglproj\xofengine\xofengine\x64\release\graphicscale.obj
c:\users\chuk yih jou\desktop\oldglproj\xofengine\xofengine\x64\release\grassmesh.obj
c:\users\chuk yih jou\desktop\oldglproj\xofengine\xofengine\x64\release\grassshader.obj
c:\users\chuk yih jou\desktop\oldglproj\xofengine\xofengine\x64\release\guirenderengine.obj
c:\users\chuk yih jou\desktop\oldglproj\xofengine\xofengine\x64\release\guitext.obj
c:\users\chuk yih jou\desktop\oldglproj\xofengine\xofengine\x64\release\lapi.obj
c:\users\chuk yih jou\desktop\oldglproj\xofengine\xofengine\x64\release\lauxlib.obj
c:\users\chuk yih jou\desktop\oldglproj\xofengine\xofengine\x64\release\lbaselib.obj
c:\users\chuk yih jou\desktop\oldglproj\xofengine\xofengine\x64\release\lbitlib.obj
c:\users\chuk yih jou\desktop\oldglproj\xofengine\xofengine\x64\release\lcode.obj
c:\users\chuk yih jou\desktop\oldglproj\xofengine\xofengine\x64\release\lcorolib.obj
c:\users\chuk yih jou\desktop\oldglproj\xofengine\xofengine\x64\release\lctype.obj
c:\users\chuk yih jou\desktop\oldglproj\xofengine\xofengine\x64\release\ldblib.obj
c:\users\chuk yih jou\desktop\oldglproj\xofengine\xofengine\x64\release\ldebug.obj
c:\users\chuk yih jou\desktop\oldglproj\xofengine\xofengine\x64\release\ldo.obj
c:\users\chuk yih jou\desktop\oldglproj\xofengine\xofengine\x64\release\ldump.obj
c:\users\chuk yih jou\desktop\oldglproj\xofengine\xofengine\x64\release\lensflareshader.obj
c:\users\chuk yih jou\desktop\oldglproj\xofengine\xofengine\x64\release\lfunc.obj
c:\users\chuk yih jou\desktop\oldglproj\xofengine\xofengine\x64\release\lgc.obj
c:\users\chuk yih jou\desktop\oldglproj\xofengine\xofengine\x64\release\lightc.obj
c:\users\chuk yih jou\desktop\oldglproj\xofengine\xofengine\x64\release\lightshader.obj
c:\users\chuk yih jou\desktop\oldglproj\xofengine\xofengine\x64\release\line.obj
c:\users\chuk yih jou\desktop\oldglproj\xofengine\xofengine\x64\release\linemesh.obj
c:\users\chuk yih jou\desktop\oldglproj\xofengine\xofengine\x64\release\linerendererc.obj
c:\users\chuk yih jou\desktop\oldglproj\xofengine\xofengine\x64\release\linit.obj
c:\users\chuk yih jou\desktop\oldglproj\xofengine\xofengine\x64\release\liolib.obj
c:\users\chuk yih jou\desktop\oldglproj\xofengine\xofengine\x64\release\llex.obj
c:\users\chuk yih jou\desktop\oldglproj\xofengine\xofengine\x64\release\lmathlib.obj
c:\users\chuk yih jou\desktop\oldglproj\xofengine\xofengine\x64\release\lmem.obj
c:\users\chuk yih jou\desktop\oldglproj\xofengine\xofengine\x64\release\loadlib.obj
c:\users\chuk yih jou\desktop\oldglproj\xofengine\xofengine\x64\release\lobject.obj
c:\users\chuk yih jou\desktop\oldglproj\xofengine\xofengine\x64\release\lopcodes.obj
c:\users\chuk yih jou\desktop\oldglproj\xofengine\xofengine\x64\release\loslib.obj
c:\users\chuk yih jou\desktop\oldglproj\xofengine\xofengine\x64\release\lparser.obj
c:\users\chuk yih jou\desktop\oldglproj\xofengine\xofengine\x64\release\lstate.obj
c:\users\chuk yih jou\desktop\oldglproj\xofengine\xofengine\x64\release\lstring.obj
c:\users\chuk yih jou\desktop\oldglproj\xofengine\xofengine\x64\release\lstrlib.obj
c:\users\chuk yih jou\desktop\oldglproj\xofengine\xofengine\x64\release\ltable.obj
c:\users\chuk yih jou\desktop\oldglproj\xofengine\xofengine\x64\release\ltablib.obj
c:\users\chuk yih jou\desktop\oldglproj\xofengine\xofengine\x64\release\ltm.obj
c:\users\chuk yih jou\desktop\oldglproj\xofengine\xofengine\x64\release\lua_backend.obj
c:\users\chuk yih jou\desktop\oldglproj\xofengine\xofengine\x64\release\lundump.obj
c:\users\chuk yih jou\desktop\oldglproj\xofengine\xofengine\x64\release\lutf8lib.obj
c:\users\chuk yih jou\desktop\oldglproj\xofengine\xofengine\x64\release\lvm.obj
c:\users\chuk yih jou\desktop\oldglproj\xofengine\xofengine\x64\release\lzio.obj
c:\users\chuk yih jou\desktop\oldglproj\xofengine\xofengine\x64\release\main.obj
c:\users\chuk yih jou\desktop\oldglproj\xofengine\xofengine\x64\release\matricesubo.obj
c:\users\chuk yih jou\desktop\oldglproj\xofengine\xofengine\x64\release\mesh.obj
c:\users\chuk yih jou\desktop\oldglproj\xofengine\xofengine\x64\release\meshcolliderc.obj
c:\users\chuk yih jou\desktop\oldglproj\xofengine\xofengine\x64\release\meshrendererc.obj
c:\users\chuk yih jou\desktop\oldglproj\xofengine\xofengine\x64\release\metafile.obj
c:\users\chuk yih jou\desktop\oldglproj\xofengine\xofengine\x64\release\modellibrary.obj
c:\users\chuk yih jou\desktop\oldglproj\xofengine\xofengine\x64\release\motionblurshader.obj
c:\users\chuk yih jou\desktop\oldglproj\xofengine\xofengine\x64\release\nullshader.obj
c:\users\chuk yih jou\desktop\oldglproj\xofengine\xofengine\x64\release\pbuffer.obj
c:\users\chuk yih jou\desktop\oldglproj\xofengine\xofengine\x64\release\pingpongfbo.obj
c:\users\chuk yih jou\desktop\oldglproj\xofengine\xofengine\x64\release\playermanager.obj
c:\users\chuk yih jou\desktop\oldglproj\xofengine\xofengine\x64\release\pointlightc.obj
c:\users\chuk yih jou\desktop\oldglproj\xofengine\xofengine\x64\release\postprocesspassshader.obj
c:\users\chuk yih jou\desktop\oldglproj\xofengine\xofengine\x64\release\rendererc.obj
c:\users\chuk yih jou\desktop\oldglproj\xofengine\xofengine\x64\release\scene3d.obj
c:\users\chuk yih jou\desktop\oldglproj\xofengine\xofengine\x64\release\scenebase.obj
c:\users\chuk yih jou\desktop\oldglproj\xofengine\xofengine\x64\release\scenemanager.obj
c:\users\chuk yih jou\desktop\oldglproj\xofengine\xofengine\x64\release\scriptc.obj
c:\users\chuk yih jou\desktop\oldglproj\xofengine\xofengine\x64\release\shaderheaven.obj
c:\users\chuk yih jou\desktop\oldglproj\xofengine\xofengine\x64\release\shaderprogram.obj
c:\users\chuk yih jou\desktop\oldglproj\xofengine\xofengine\x64\release\simpleshader.obj
c:\users\chuk yih jou\desktop\oldglproj\xofengine\xofengine\x64\release\skyboxbuffer.obj
c:\users\chuk yih jou\desktop\oldglproj\xofengine\xofengine\x64\release\skyboxshader.obj
c:\users\chuk yih jou\desktop\oldglproj\xofengine\xofengine\x64\release\spherecolliderc.obj
c:\users\chuk yih jou\desktop\oldglproj\xofengine\xofengine\x64\release\ssaoblurshader.obj
c:\users\chuk yih jou\desktop\oldglproj\xofengine\xofengine\x64\release\ssaobuffer.obj
c:\users\chuk yih jou\desktop\oldglproj\xofengine\xofengine\x64\release\ssaoshader.obj
c:\users\chuk yih jou\desktop\oldglproj\xofengine\xofengine\x64\release\textmesh.obj
c:\users\chuk yih jou\desktop\oldglproj\xofengine\xofengine\x64\release\textmeshcreator.obj
c:\users\chuk yih jou\desktop\oldglproj\xofengine\xofengine\x64\release\texture.obj
c:\users\chuk yih jou\desktop\oldglproj\xofengine\xofengine\x64\release\texturedata.obj
c:\users\chuk yih jou\desktop\oldglproj\xofengine\xofengine\x64\release\texturelibrary.obj
c:\users\chuk yih jou\desktop\oldglproj\xofengine\xofengine\x64\release\transformationc.obj
c:\users\chuk yih jou\desktop\oldglproj\xofengine\xofengine\x64\release\triggerc.obj
c:\users\chuk yih jou\desktop\oldglproj\xofengine\xofengine\x64\release\ubo.obj
c:\users\chuk yih jou\desktop\oldglproj\xofengine\xofengine\x64\release\word.obj
c:\users\chuk yih jou\desktop\oldglproj\xofengine\xofengine\x64\release\world.obj
c:\users\chuk yih jou\desktop\oldglproj\xofengine\xofengine\x64\release\vc120.pdb
c:\users\chuk yih jou\desktop\oldglproj\xofengine\xofengine\x64\release\xofengine.tlog\cl.command.1.tlog
c:\users\chuk yih jou\desktop\oldglproj\xofengine\xofengine\x64\release\xofengine.tlog\cl.read.1.tlog
c:\users\chuk yih jou\desktop\oldglproj\xofengine\xofengine\x64\release\xofengine.tlog\cl.write.1.tlog
c:\users\chuk yih jou\desktop\oldglproj\xofengine\xofengine\x64\release\xofengine.tlog\link.command.1.tlog
c:\users\chuk yih jou\desktop\oldglproj\xofengine\xofengine\x64\release\xofengine.tlog\link.read.1.tlog
c:\users\chuk yih jou\desktop\oldglproj\xofengine\xofengine\x64\release\xofengine.tlog\link.write.1.tlog
